EDA Netlist Writer report for Quartus_synth
Thu Apr 27 10:04:59 2023
Quartus Prime Version 21.1.1 Build 850 06/23/2022 SJ Standard Edition


---------------------
; Table of Contents ;
---------------------
  1. Legal Notice
  2. EDA Netlist Writer Summary
  3. Simulation Settings
  4. Simulation Generated Files
  5. EDA Netlist Writer Messages



----------------
; Legal Notice ;
----------------
Copyright (C) 2022  Intel Corporation. All rights reserved.
Your use of Intel Corporation's design tools, logic functions 
and other software and tools, and any partner logic 
functions, and any output files from any of the foregoing 
(including device programming or simulation files), and any 
associated documentation or information are expressly subject 
to the terms and conditions of the Intel Program License 
Subscription Agreement, the Intel Quartus Prime License Agreement,
the Intel FPGA IP License Agreement, or other applicable license
agreement, including, without limitation, that your use is for
the sole purpose of programming logic devices manufactured by
Intel and sold by Intel or its authorized distributors.  Please
refer to the applicable agreement for further details, at
https://fpgasoftware.intel.com/eula.



+-------------------------------------------------------------------+
; EDA Netlist Writer Summary                                        ;
+---------------------------+---------------------------------------+
; EDA Netlist Writer Status ; Successful - Thu Apr 27 10:04:59 2023 ;
; Revision Name             ; Quartus_synth                         ;
; Top-level Entity Name     ; Quartus_synth                         ;
; Family                    ; Cyclone IV E                          ;
; Simulation Files Creation ; Successful                            ;
+---------------------------+---------------------------------------+


+-------------------------------------------------------------------------------------------------------------------------+
; Simulation Settings                                                                                                     ;
+---------------------------------------------------------------------------------------------------+---------------------+
; Option                                                                                            ; Setting             ;
+---------------------------------------------------------------------------------------------------+---------------------+
; Tool Name                                                                                         ; QuestaSim (Verilog) ;
; Generate functional simulation netlist                                                            ; On                  ;
; Truncate long hierarchy paths                                                                     ; Off                 ;
; Map illegal HDL characters                                                                        ; Off                 ;
; Flatten buses into individual nodes                                                               ; Off                 ;
; Maintain hierarchy                                                                                ; Off                 ;
; Bring out device-wide set/reset signals as ports                                                  ; Off                 ;
; Enable glitch filtering                                                                           ; Off                 ;
; Do not write top level VHDL entity                                                                ; Off                 ;
; Disable detection of setup and hold time violations in the input registers of bi-directional pins ; Off                 ;
; Architecture name in VHDL output netlist                                                          ; structure           ;
; Generate third-party EDA tool command script for RTL functional simulation                        ; Off                 ;
; Generate third-party EDA tool command script for gate-level simulation                            ; Off                 ;
+---------------------------------------------------------------------------------------------------+---------------------+


+-------------------------------------------------------------------------------------------------------+
; Simulation Generated Files                                                                            ;
+-------------------------------------------------------------------------------------------------------+
; Generated Files                                                                                       ;
+-------------------------------------------------------------------------------------------------------+
; /home/jmhafele/Documents/Spring_2023/cpre381/Synth/Quartus_synth/simulation/modelsim/Quartus_synth.vo ;
+-------------------------------------------------------------------------------------------------------+


+-----------------------------+
; EDA Netlist Writer Messages ;
+-----------------------------+
Info: *******************************************************************
Info: Running Quartus Prime EDA Netlist Writer
    Info: Version 21.1.1 Build 850 06/23/2022 SJ Standard Edition
    Info: Processing started: Thu Apr 27 10:04:51 2023
Info: Command: quartus_eda --read_settings_files=off --write_settings_files=off Quartus_synth -c Quartus_synth
Warning (18236): Number of processors has not been specified which may cause overloading on shared machines.  Set the global assignment NUM_PARALLEL_PROCESSORS in your QSF to an appropriate value for best performance.
Info (204019): Generated file Quartus_synth.vo in folder "/home/jmhafele/Documents/Spring_2023/cpre381/Synth/Quartus_synth/simulation/modelsim/" for EDA simulation tool
Info: Quartus Prime EDA Netlist Writer was successful. 0 errors, 1 warning
    Info: Peak virtual memory: 925 megabytes
    Info: Processing ended: Thu Apr 27 10:04:59 2023
    Info: Elapsed time: 00:00:08
    Info: Total CPU time (on all processors): 00:00:08


